2026-05-22 07:51:47,708 | INFO | AI | Starting image orchestration
2026-05-22 07:51:47,708 | INFO | AI | Image processing completed successfully
2026-05-22 07:51:51,877 | INFO | AI | Starting text orchestration
2026-05-22 07:51:51,877 | INFO | AI | Text processing completed successfully
2026-05-22 07:51:53,271 | INFO | AI | Starting voice orchestration
2026-05-22 07:51:53,271 | INFO | AI | Voice processing completed successfully
2026-05-22 07:55:44,207 | INFO | AI | Starting image orchestration
2026-05-22 07:55:44,207 | INFO | AI | Image processing completed successfully
2026-05-22 07:55:48,858 | INFO | AI | Starting text orchestration
2026-05-22 07:55:48,858 | INFO | AI | Text processing completed successfully
2026-05-22 07:55:50,348 | INFO | AI | Starting voice orchestration
2026-05-22 07:55:50,349 | INFO | AI | Voice processing completed successfully
2026-05-22 07:56:30,175 | INFO | AI | Starting image orchestration
2026-05-22 07:56:30,175 | INFO | AI | Image processing completed successfully
2026-05-22 07:56:35,462 | INFO | AI | Starting text orchestration
2026-05-22 07:56:35,463 | INFO | AI | Text processing completed successfully
2026-05-22 07:56:37,123 | INFO | AI | Starting voice orchestration
2026-05-22 07:56:37,123 | INFO | AI | Voice processing completed successfully
2026-05-22 07:56:53,431 | INFO | AI | Starting image orchestration
2026-05-22 07:56:53,431 | INFO | AI | Image processing completed successfully
2026-05-22 07:56:57,689 | INFO | AI | Starting text orchestration
2026-05-22 07:56:57,689 | INFO | AI | Text processing completed successfully
2026-05-22 07:56:59,183 | INFO | AI | Starting voice orchestration
2026-05-22 07:56:59,183 | INFO | AI | Voice processing completed successfully
2026-05-22 07:57:14,963 | INFO | AI | Starting image orchestration
2026-05-22 07:57:14,963 | INFO | AI | Image processing completed successfully
2026-05-22 07:57:19,759 | INFO | AI | Starting text orchestration
2026-05-22 07:57:19,760 | INFO | AI | Text processing completed successfully
2026-05-22 07:57:21,307 | INFO | AI | Starting voice orchestration
2026-05-22 07:57:21,307 | INFO | AI | Voice processing completed successfully
2026-05-22 08:00:15,574 | INFO | AI | Starting image orchestration
2026-05-22 08:00:15,574 | INFO | AI | Image processing completed successfully
2026-05-22 08:00:20,246 | INFO | AI | Starting text orchestration
2026-05-22 08:00:20,247 | INFO | AI | Text processing completed successfully
2026-05-22 08:00:22,109 | INFO | AI | Starting voice orchestration
2026-05-22 08:00:22,109 | INFO | AI | Voice processing completed successfully
2026-05-22 09:30:03,170 | INFO | AI | Image orchestration started
2026-05-22 09:32:08,001 | INFO | AI | Image orchestration started
2026-05-22 09:32:13,321 | INFO | AI | Deleted file: temp_uploads/images.jpg
2026-05-22 09:32:13,321 | INFO | AI | Deleted file: /home/hassan/Desktop/remind/image_ai/cache/200b75899164b3aa627e1073aa5b8a84febd232617e42c1c355c174f33071fa1/enhanced_image.png
2026-05-22 09:32:13,322 | INFO | AI | Deleted directory: /home/hassan/Desktop/remind/image_ai/cache
2026-05-22 09:32:13,322 | INFO | AI | Image orchestration completed successfully
2026-05-22 09:45:03,593 | INFO | AI | Voice orchestration started
2026-05-22 09:45:22,612 | INFO | AI | Deleted file: temp_audio_uploads/Sample.mp3
2026-05-22 09:45:22,612 | INFO | AI | Deleted file: /home/hassan/Desktop/remind/voice_ai/datasets/generated_audio/response_d3bc727b905a491694108d9fe4450aae.wav
2026-05-22 09:45:22,613 | INFO | AI | Deleted file: /home/hassan/Desktop/remind/voice_ai/datasets/metadata/transcription_metadata.json
2026-05-22 09:45:22,613 | INFO | AI | Deleted file: /home/hassan/Desktop/remind/voice_ai/datasets/generated_transcription/transcription.txt
2026-05-22 09:45:22,613 | INFO | AI | Voice processing completed successfully
2026-05-22 09:59:47,992 | INFO | AI | Voice orchestration started
2026-05-22 09:59:47,993 | INFO | AI | Voice cache hit
2026-05-22 09:59:51,585 | INFO | AI | Voice orchestration started
2026-05-22 09:59:51,586 | INFO | AI | Voice cache hit
2026-05-22 10:01:04,673 | INFO | AI | Voice orchestration started
2026-05-22 10:01:04,674 | INFO | AI | Voice cache hit
2026-05-22 10:11:40,675 | INFO | AI | Voice orchestration started
2026-05-22 10:15:39,771 | INFO | AI | Voice orchestration started
2026-05-22 10:22:56,093 | INFO | AI | Voice orchestration started
2026-05-22 10:23:59,289 | INFO | AI | Deleted file: temp_audio_uploads/Sample.mp3
2026-05-22 10:23:59,289 | INFO | AI | Deleted file: /tmp/940d1772-4481-41f1-b815-dc158b708d65.mp3
2026-05-22 10:23:59,290 | INFO | AI | Deleted file: temp_audio_uploads/processed_audio/Output.wav
2026-05-22 10:23:59,290 | INFO | AI | Voice processing completed successfully
2026-05-22 10:27:10,057 | INFO | AI | Text orchestration started
2026-05-22 10:32:09,756 | INFO | AI | Text orchestration started
2026-05-22 10:32:45,021 | INFO | AI | Text orchestration started
2026-05-22 10:40:00,254 | INFO | AI | Text orchestration started
2026-05-22 10:42:24,634 | INFO | AI | Text orchestration started
2026-05-22 10:44:13,956 | INFO | AI | Text orchestration started
2026-05-22 10:44:16,136 | INFO | AI | Text processing completed successfully
2026-05-22 10:46:26,049 | INFO | AI | Text orchestration started
2026-05-22 10:46:26,050 | INFO | AI | Text cache hit
2026-05-22 10:46:29,289 | INFO | AI | Text orchestration started
2026-05-22 10:46:29,289 | INFO | AI | Text cache hit
2026-05-22 10:46:30,572 | INFO | AI | Text orchestration started
2026-05-22 10:46:30,572 | INFO | AI | Text cache hit
2026-05-22 10:46:31,943 | INFO | AI | Text orchestration started
2026-05-22 10:46:31,944 | INFO | AI | Text cache hit
2026-05-23 00:27:46,111 | INFO | AI | APScheduler started successfully
2026-05-23 00:28:42,930 | INFO | AI | APScheduler started successfully
2026-05-23 00:29:42,930 | INFO | AI | Permanently deleted file: /home/hassan/Desktop/remind/backend_final/voice_cache.json
2026-05-23 00:29:42,931 | INFO | AI | Permanently deleted directory: /home/hassan/Desktop/remind/backend_final/temp_audio_uploads
2026-05-23 00:29:42,931 | INFO | AI | Permanently deleted directory: /home/hassan/Desktop/remind/backend_final/temp_uploads
2026-05-23 00:29:42,932 | INFO | AI | Permanently deleted directory: /home/hassan/Desktop/remind/backend_final/uploads
2026-05-23 00:29:42,932 | INFO | AI | Permanently deleted directory: /home/hassan/Desktop/remind/backend_final/temp
2026-05-23 00:29:42,932 | INFO | AI | Permanently deleted file: /home/hassan/Desktop/remind/voice_cache.json
2026-05-23 00:29:42,932 | INFO | AI | Automatic cleanup completed
2026-05-23 00:30:44,134 | INFO | AI | APScheduler started successfully
2026-05-23 00:31:41,453 | INFO | AI | APScheduler started successfully
2026-05-23 00:55:37,326 | INFO | AI | APScheduler started successfully
2026-05-23 00:56:51,280 | INFO | AI | APScheduler started successfully
2026-05-23 00:57:55,199 | INFO | AI | APScheduler started successfully
2026-05-23 00:59:46,936 | INFO | AI | APScheduler started successfully
2026-05-23 01:00:08,747 | INFO | AI | APScheduler started successfully
2026-05-23 01:00:31,833 | INFO | AI | APScheduler started successfully
2026-05-23 01:00:55,710 | INFO | AI | APScheduler started successfully
2026-05-23 01:04:36,047 | INFO | AI | APScheduler started successfully
2026-05-23 02:00:16,318 | INFO | AI | APScheduler started successfully
2026-05-23 14:11:28,050 | INFO | AI | APScheduler started successfully
2026-05-23 14:30:59,529 | INFO | AI | APScheduler started successfully
2026-05-23 14:43:11,339 | INFO | AI | APScheduler started successfully
2026-05-23 14:44:18,102 | INFO | AI | APScheduler started successfully
2026-05-23 14:44:54,354 | INFO | AI | APScheduler started successfully
2026-05-23 14:47:45,906 | INFO | AI | APScheduler started successfully
2026-05-23 14:52:29,083 | INFO | AI | APScheduler started successfully
2026-05-23 14:52:55,490 | INFO | AI | APScheduler started successfully
2026-05-23 14:54:23,912 | INFO | AI | APScheduler started successfully
2026-05-23 14:54:41,727 | INFO | AI | APScheduler started successfully
2026-05-23 14:56:42,413 | INFO | AI | APScheduler started successfully
2026-05-23 14:59:29,375 | INFO | AI | APScheduler started successfully
2026-05-23 15:07:36,197 | INFO | AI | APScheduler started successfully
2026-05-23 15:08:39,162 | INFO | AI | APScheduler started successfully
2026-05-23 15:11:18,560 | INFO | AI | APScheduler started successfully
2026-05-23 15:15:40,893 | INFO | AI | APScheduler started successfully
2026-05-23 15:17:08,427 | INFO | AI | APScheduler started successfully
2026-05-23 15:24:31,038 | INFO | AI | APScheduler started successfully
2026-05-23 15:25:32,674 | INFO | AI | APScheduler started successfully
2026-05-23 15:33:38,673 | INFO | AI | APScheduler started successfully
2026-05-23 15:36:11,957 | INFO | AI | APScheduler started successfully
2026-05-23 15:38:58,672 | INFO | AI | APScheduler started successfully
2026-05-23 15:47:38,923 | INFO | AI | APScheduler started successfully
2026-05-23 16:01:57,674 | INFO | AI | APScheduler started successfully
2026-05-23 16:03:27,430 | INFO | AI | APScheduler started successfully
2026-05-23 16:07:43,242 | INFO | AI | APScheduler started successfully
2026-05-23 16:08:15,203 | INFO | AI | APScheduler started successfully
2026-05-23 16:08:35,564 | INFO | AI | APScheduler started successfully
2026-05-23 16:09:35,299 | INFO | AI | APScheduler started successfully
2026-05-23 16:09:52,861 | INFO | AI | APScheduler started successfully
2026-05-23 16:11:21,821 | INFO | AI | APScheduler started successfully
2026-05-23 16:11:55,557 | INFO | AI | APScheduler started successfully
2026-05-23 16:12:30,808 | INFO | AI | APScheduler started successfully
2026-05-23 16:12:56,340 | INFO | AI | APScheduler started successfully
2026-05-23 16:16:05,169 | INFO | AI | APScheduler started successfully
2026-05-23 16:17:52,163 | INFO | AI | APScheduler started successfully
2026-05-23 16:19:06,558 | INFO | AI | APScheduler started successfully
2026-05-23 16:22:30,818 | INFO | AI | APScheduler started successfully
2026-05-23 16:52:38,058 | INFO | AI | APScheduler started successfully
2026-05-23 16:54:29,480 | INFO | AI | APScheduler started successfully
2026-05-23 16:55:11,459 | INFO | AI | APScheduler started successfully
2026-05-23 23:38:33,271 | INFO | AI | APScheduler started successfully
2026-05-23 23:39:09,846 | INFO | AI | APScheduler started successfully
2026-05-24 00:09:10,507 | INFO | AI | Permanently deleted directory: /home/hassan/Desktop/remind/backend_final/temp_audio_uploads
2026-05-24 00:09:10,510 | INFO | AI | Permanently deleted directory: /home/hassan/Desktop/remind/backend_final/temp_uploads
2026-05-24 00:09:10,511 | INFO | AI | Automatic cleanup completed
2026-05-24 00:29:31,038 | INFO | AI | APScheduler started successfully
2026-05-24 00:29:50,555 | INFO | AI | APScheduler started successfully
2026-05-24 00:36:02,758 | INFO | AI | APScheduler started successfully
2026-05-24 00:36:20,133 | INFO | AI | APScheduler started successfully
2026-05-24 00:46:21,539 | INFO | AI | APScheduler started successfully
2026-05-24 00:46:38,543 | INFO | AI | APScheduler started successfully
2026-05-24 00:47:57,130 | INFO | AI | APScheduler started successfully
2026-05-24 00:48:45,177 | INFO | AI | APScheduler started successfully
2026-05-24 00:49:02,912 | INFO | AI | APScheduler started successfully
2026-05-24 00:55:50,840 | INFO | AI | Text orchestration started
2026-05-24 01:19:02,936 | INFO | AI | Permanently deleted directory: /home/hassan/Desktop/remind/backend_final/temp_audio_uploads
2026-05-24 01:19:02,951 | INFO | AI | Permanently deleted directory: /home/hassan/Desktop/remind/backend_final/temp_uploads
2026-05-24 01:19:02,952 | INFO | AI | Automatic cleanup completed
2026-05-24 01:49:02,908 | INFO | AI | Automatic cleanup completed
2026-05-24 02:37:48,405 | INFO | AI | APScheduler started successfully
2026-05-24 02:46:30,514 | INFO | AI | Image orchestration started
2026-05-24 02:47:25,688 | INFO | AI | Image orchestration started
2026-05-24 02:49:12,854 | INFO | AI | APScheduler started successfully
2026-05-24 02:49:12,938 | INFO | AI | Image orchestration started
2026-05-24 02:50:26,956 | INFO | AI | Voice orchestration started
2026-05-24 02:56:14,835 | INFO | AI | APScheduler started successfully
2026-05-24 03:00:52,468 | INFO | AI | Image orchestration started
2026-05-24 03:01:55,492 | INFO | AI | Voice orchestration started
2026-05-24 03:10:38,176 | INFO | AI | APScheduler started successfully
2026-05-24 03:17:01,234 | INFO | AI | APScheduler started successfully
2026-05-24 03:17:55,277 | INFO | AI | Image orchestration started
2026-05-24 03:18:00,072 | INFO | AI | Deleted file: temp_uploads/images.jpg
2026-05-24 03:18:00,073 | INFO | AI | Deleted file: /home/hassan/Desktop/remind/image_ai/cache/200b75899164b3aa627e1073aa5b8a84febd232617e42c1c355c174f33071fa1/enhanced_image.png
2026-05-24 03:18:00,073 | INFO | AI | Deleted directory: /home/hassan/Desktop/remind/image_ai/cache/200b75899164b3aa627e1073aa5b8a84febd232617e42c1c355c174f33071fa1
2026-05-24 03:18:00,073 | INFO | AI | Image orchestration completed successfully
2026-05-24 14:47:02,182 | INFO | AI | Deleted old temp file: temp_uploads/WhatsApp Image 2026-03-17 at 2.09.57 AM_out.jpeg
2026-05-24 14:47:02,182 | INFO | AI | Deleted old temp file: temp_audio_uploads/Sample.mp3
2026-05-24 14:47:02,182 | INFO | AI | Automatic cleanup completed
2026-05-24 14:54:16,060 | INFO | AI | APScheduler started successfully
2026-05-24 14:55:25,229 | INFO | AI | APScheduler started successfully
2026-05-24 14:59:18,655 | INFO | AI | APScheduler started successfully
2026-05-24 15:02:34,609 | INFO | AI | APScheduler started successfully
2026-05-24 15:02:52,139 | INFO | AI | APScheduler started successfully
2026-05-24 15:12:19,553 | INFO | AI | APScheduler started successfully
2026-05-24 15:16:14,523 | INFO | AI | APScheduler started successfully
2026-05-24 15:16:43,313 | INFO | AI | APScheduler started successfully
2026-05-24 15:17:00,645 | INFO | AI | APScheduler started successfully
2026-05-24 15:18:28,261 | INFO | AI | APScheduler started successfully
2026-05-24 15:18:47,677 | INFO | AI | APScheduler started successfully
2026-05-24 15:19:04,177 | INFO | AI | APScheduler started successfully
2026-05-24 15:19:22,791 | INFO | AI | APScheduler started successfully
2026-05-24 15:19:39,218 | INFO | AI | APScheduler started successfully
2026-05-24 15:21:59,115 | INFO | AI | APScheduler started successfully
2026-05-24 15:22:56,731 | INFO | AI | APScheduler started successfully
2026-05-24 15:23:23,151 | INFO | AI | APScheduler started successfully
2026-05-24 15:23:55,020 | INFO | AI | APScheduler started successfully
2026-05-24 15:24:30,277 | INFO | AI | APScheduler started successfully
2026-05-24 15:24:47,857 | INFO | AI | APScheduler started successfully
2026-05-24 15:54:47,858 | INFO | AI | Automatic cleanup completed
2026-05-24 17:53:47,615 | INFO | AI | APScheduler started successfully
2026-05-24 17:54:16,812 | INFO | AI | Image orchestration started
2026-05-24 17:54:35,359 | INFO | AI | Deleted file: temp_uploads/images.jpg
2026-05-24 17:54:35,360 | INFO | AI | Deleted file: /home/hassan/Desktop/remind/image_ai/temp/ce0a9cd7-fd75-40cc-8573-b612d5f03757/final/images_out.jpg
2026-05-24 17:54:35,360 | INFO | AI | Deleted directory: /home/hassan/Desktop/remind/image_ai/temp/ce0a9cd7-fd75-40cc-8573-b612d5f03757/final
2026-05-24 17:54:35,360 | INFO | AI | Image orchestration completed successfully
2026-05-24 19:41:08,192 | INFO | AI | Voice orchestration started
2026-05-24 19:42:03,339 | INFO | AI | Deleted file: temp_audio_uploads/Sample.mp3
2026-05-24 19:42:03,340 | INFO | AI | Deleted file: temp_audio_uploads/processed_audio/Output.wav
2026-05-24 19:42:03,340 | INFO | AI | Deleted file: /tmp/9cac66c9-0277-4c1d-a9ce-e331fa199fe7.mp3
2026-05-24 19:42:03,341 | INFO | AI | Deleted directory: temp_audio_uploads/processed_audio
2026-05-24 19:42:03,341 | INFO | AI | Voice processing completed successfully
2026-05-24 19:52:35,653 | INFO | AI | Multimodal orchestration started
2026-05-24 20:11:01,106 | INFO | AI | Multimodal orchestration started
2026-05-24 20:20:35,377 | INFO | AI | APScheduler started successfully
2026-05-24 20:20:57,678 | INFO | AI | APScheduler started successfully
2026-05-24 20:22:16,680 | INFO | AI | APScheduler started successfully
2026-05-24 20:22:36,896 | INFO | AI | Text orchestration started
2026-05-24 20:23:13,749 | INFO | AI | APScheduler started successfully
2026-05-24 20:25:07,417 | INFO | AI | Multimodal orchestration started
2026-05-24 20:26:40,447 | INFO | AI | Text orchestration started
2026-05-24 20:32:29,305 | INFO | AI | APScheduler started successfully
2026-05-24 20:33:05,534 | INFO | AI | APScheduler started successfully
2026-05-24 20:33:09,971 | INFO | AI | Text orchestration started
2026-05-24 20:33:12,788 | INFO | AI | Text processing completed successfully
2026-05-24 20:34:32,332 | INFO | AI | Multimodal orchestration started
2026-05-24 20:34:32,332 | INFO | AI | Text orchestration started
2026-05-24 20:34:34,299 | INFO | AI | Text processing completed successfully
2026-05-24 20:34:34,299 | INFO | AI | Multimodal orchestration completed
2026-05-24 20:43:26,496 | INFO | AI | APScheduler started successfully
2026-05-24 20:45:08,028 | INFO | AI | APScheduler started successfully
2026-05-24 20:45:24,943 | INFO | AI | APScheduler started successfully
2026-05-25 14:29:43,415 | INFO | AI | APScheduler started successfully
2026-05-25 14:34:43,416 | INFO | AI | Automatic cleanup completed
2026-05-25 14:39:43,416 | INFO | AI | Automatic cleanup completed
2026-05-25 14:44:43,416 | INFO | AI | Automatic cleanup completed
2026-05-25 14:49:43,415 | INFO | AI | Automatic cleanup completed
2026-05-25 14:54:37,287 | INFO | AI | APScheduler started successfully
2026-05-25 14:56:53,507 | INFO | AI | APScheduler started successfully
2026-05-25 15:00:58,909 | INFO | AI | APScheduler started successfully
2026-05-25 15:05:55,275 | INFO | AI | APScheduler started successfully
2026-05-25 15:10:56,904 | INFO | AI | APScheduler started successfully
2026-05-25 15:15:56,902 | INFO | AI | Automatic cleanup completed
2026-05-25 15:20:56,902 | INFO | AI | Automatic cleanup completed
2026-05-25 15:21:20,365 | INFO | AI | APScheduler started successfully
2026-05-25 15:21:42,514 | INFO | AI | APScheduler started successfully
2026-05-25 15:22:02,398 | INFO | AI | APScheduler started successfully
2026-05-25 15:24:46,405 | INFO | AI | APScheduler started successfully
2026-05-25 15:28:35,978 | INFO | AI | APScheduler started successfully
2026-05-25 15:31:04,694 | INFO | AI | APScheduler started successfully
2026-05-25 15:31:26,263 | INFO | AI | APScheduler started successfully
2026-05-25 15:31:58,469 | INFO | AI | APScheduler started successfully
2026-05-25 15:33:52,169 | INFO | AI | APScheduler started successfully
2026-05-25 15:36:26,007 | INFO | AI | APScheduler started successfully
2026-05-25 15:36:49,772 | INFO | AI | APScheduler started successfully
2026-05-25 15:39:08,680 | INFO | AI | APScheduler started successfully
2026-05-25 15:40:39,863 | INFO | AI | APScheduler started successfully
2026-05-25 15:43:15,455 | INFO | AI | APScheduler started successfully
2026-05-25 15:43:49,890 | INFO | AI | APScheduler started successfully
2026-05-25 15:44:16,958 | INFO | AI | APScheduler started successfully
2026-05-25 15:45:58,795 | INFO | AI | APScheduler started successfully
2026-05-25 15:47:29,070 | INFO | AI | APScheduler started successfully
2026-05-25 15:49:51,855 | INFO | AI | APScheduler started successfully
2026-05-25 15:52:00,947 | INFO | AI | APScheduler started successfully
2026-05-25 15:53:36,142 | INFO | AI | APScheduler started successfully
2026-05-25 15:56:10,121 | INFO | AI | APScheduler started successfully
2026-05-25 15:56:27,442 | INFO | AI | APScheduler started successfully
2026-05-25 15:57:47,431 | INFO | AI | APScheduler started successfully
2026-05-25 15:58:48,656 | INFO | AI | APScheduler started successfully
2026-05-25 16:00:22,592 | INFO | AI | APScheduler started successfully
2026-05-25 16:10:58,466 | INFO | AI | APScheduler started successfully
2026-05-25 16:15:58,467 | INFO | AI | Automatic cleanup completed
2026-05-25 16:17:21,846 | INFO | AI | APScheduler started successfully
2026-05-25 16:20:28,637 | INFO | AI | APScheduler started successfully
2026-05-25 16:23:27,621 | INFO | AI | APScheduler started successfully
2026-05-25 16:26:37,174 | INFO | AI | APScheduler started successfully
2026-05-25 16:31:37,175 | INFO | AI | Automatic cleanup completed
2026-05-25 16:36:37,174 | INFO | AI | Automatic cleanup completed
2026-05-25 16:41:39,914 | INFO | AI | APScheduler started successfully
2026-05-25 16:42:53,651 | INFO | AI | APScheduler started successfully
2026-05-25 16:47:53,651 | INFO | AI | Automatic cleanup completed
2026-05-25 16:48:55,892 | INFO | AI | APScheduler started successfully
2026-05-25 16:50:07,597 | INFO | AI | APScheduler started successfully
2026-05-25 16:55:08,050 | INFO | AI | APScheduler started successfully
2026-05-25 16:55:33,355 | INFO | AI | APScheduler started successfully
2026-05-25 16:55:50,253 | INFO | AI | APScheduler started successfully
2026-05-25 17:00:50,254 | INFO | AI | Automatic cleanup completed
2026-05-25 17:05:50,253 | INFO | AI | Automatic cleanup completed
2026-05-25 17:10:50,253 | INFO | AI | Automatic cleanup completed
2026-05-25 17:15:50,253 | INFO | AI | Automatic cleanup completed
2026-05-25 17:20:50,253 | INFO | AI | Automatic cleanup completed
2026-05-25 17:25:50,253 | INFO | AI | Automatic cleanup completed
2026-05-25 17:30:50,253 | INFO | AI | Automatic cleanup completed
2026-05-25 17:35:50,254 | INFO | AI | Automatic cleanup completed
2026-05-25 17:40:50,254 | INFO | AI | Automatic cleanup completed
2026-05-25 17:45:50,253 | INFO | AI | Automatic cleanup completed
2026-05-25 17:50:50,253 | INFO | AI | Automatic cleanup completed
2026-05-25 17:55:50,253 | INFO | AI | Automatic cleanup completed
2026-05-25 18:00:50,253 | INFO | AI | Automatic cleanup completed
2026-05-25 18:05:50,253 | INFO | AI | Automatic cleanup completed
2026-05-25 18:10:50,253 | INFO | AI | Automatic cleanup completed
2026-05-25 18:15:50,253 | INFO | AI | Automatic cleanup completed
2026-05-25 18:20:50,253 | INFO | AI | Automatic cleanup completed
2026-05-25 18:25:50,253 | INFO | AI | Automatic cleanup completed
2026-05-25 18:30:50,253 | INFO | AI | Automatic cleanup completed
2026-05-25 18:35:50,254 | INFO | AI | Automatic cleanup completed
2026-05-25 18:40:50,253 | INFO | AI | Automatic cleanup completed
2026-05-25 18:45:50,253 | INFO | AI | Automatic cleanup completed
2026-05-25 18:50:50,254 | INFO | AI | Automatic cleanup completed
2026-05-25 18:55:50,254 | INFO | AI | Automatic cleanup completed
2026-05-25 19:00:50,253 | INFO | AI | Automatic cleanup completed
2026-05-25 19:05:50,253 | INFO | AI | Automatic cleanup completed
2026-05-25 19:10:50,253 | INFO | AI | Automatic cleanup completed
2026-05-25 19:15:50,253 | INFO | AI | Automatic cleanup completed
2026-05-25 19:20:50,253 | INFO | AI | Automatic cleanup completed
2026-05-25 19:25:50,253 | INFO | AI | Automatic cleanup completed
2026-05-25 19:30:50,254 | INFO | AI | Automatic cleanup completed
2026-05-25 19:35:50,254 | INFO | AI | Automatic cleanup completed
2026-05-25 19:40:50,253 | INFO | AI | Automatic cleanup completed
2026-05-25 19:45:50,253 | INFO | AI | Automatic cleanup completed
2026-05-25 19:50:50,253 | INFO | AI | Automatic cleanup completed
2026-05-25 19:55:50,253 | INFO | AI | Automatic cleanup completed
2026-05-25 20:00:50,256 | INFO | AI | Automatic cleanup completed
2026-05-25 20:05:50,253 | INFO | AI | Automatic cleanup completed
2026-05-25 20:10:50,253 | INFO | AI | Automatic cleanup completed
2026-05-25 20:15:50,253 | INFO | AI | Automatic cleanup completed
2026-05-25 20:20:50,253 | INFO | AI | Automatic cleanup completed
2026-05-25 20:25:50,253 | INFO | AI | Automatic cleanup completed
2026-05-25 20:30:50,253 | INFO | AI | Automatic cleanup completed
2026-05-25 20:35:50,253 | INFO | AI | Automatic cleanup completed
2026-05-25 20:40:50,253 | INFO | AI | Automatic cleanup completed
2026-05-25 20:45:50,253 | INFO | AI | Automatic cleanup completed
2026-05-25 20:50:50,253 | INFO | AI | Automatic cleanup completed
2026-05-25 20:55:50,253 | INFO | AI | Automatic cleanup completed
2026-05-25 20:59:33,388 | INFO | AI | APScheduler started successfully
2026-05-25 21:02:51,592 | INFO | AI | APScheduler started successfully
2026-05-25 21:07:51,592 | INFO | AI | Automatic cleanup completed
2026-05-25 21:12:51,592 | INFO | AI | Automatic cleanup completed
2026-05-25 21:17:51,592 | INFO | AI | Automatic cleanup completed
2026-05-25 21:22:51,592 | INFO | AI | Automatic cleanup completed
2026-05-25 21:27:51,592 | INFO | AI | Automatic cleanup completed
2026-05-25 21:32:51,592 | INFO | AI | Automatic cleanup completed
2026-05-25 21:37:51,592 | INFO | AI | Automatic cleanup completed
2026-05-25 21:42:51,592 | INFO | AI | Automatic cleanup completed
2026-05-25 21:47:51,592 | INFO | AI | Automatic cleanup completed
2026-05-25 21:52:51,592 | INFO | AI | Automatic cleanup completed
2026-05-25 21:57:51,592 | INFO | AI | Automatic cleanup completed
2026-05-26 10:00:00,617 | INFO | AI | APScheduler started successfully
2026-05-26 10:05:00,618 | INFO | AI | Automatic cleanup completed
2026-05-26 10:10:00,618 | INFO | AI | Automatic cleanup completed
2026-05-26 10:20:20,090 | INFO | AI | APScheduler started successfully
2026-05-26 10:25:20,091 | INFO | AI | Automatic cleanup completed
2026-05-26 10:30:20,621 | INFO | AI | Automatic cleanup completed
2026-05-26 10:35:20,090 | INFO | AI | Automatic cleanup completed
2026-05-26 10:40:20,090 | INFO | AI | Automatic cleanup completed
2026-05-26 10:45:20,093 | INFO | AI | Automatic cleanup completed
2026-05-26 10:50:20,090 | INFO | AI | Automatic cleanup completed
2026-05-26 10:55:20,091 | INFO | AI | Automatic cleanup completed
2026-05-26 11:00:20,090 | INFO | AI | Automatic cleanup completed
2026-05-26 11:05:20,090 | INFO | AI | Automatic cleanup completed
2026-05-26 11:10:20,090 | INFO | AI | Automatic cleanup completed
2026-05-26 11:15:20,091 | INFO | AI | Automatic cleanup completed
2026-05-26 11:20:20,091 | INFO | AI | Automatic cleanup completed
2026-05-26 11:22:35,781 | INFO | AI | APScheduler started successfully
2026-05-26 11:27:35,784 | INFO | AI | Automatic cleanup completed
2026-05-26 11:32:35,781 | INFO | AI | Automatic cleanup completed
2026-05-26 11:37:35,781 | INFO | AI | Automatic cleanup completed
2026-05-26 11:42:35,781 | INFO | AI | Automatic cleanup completed
2026-05-26 11:47:35,782 | INFO | AI | Automatic cleanup completed
2026-05-26 11:52:35,781 | INFO | AI | Automatic cleanup completed
2026-05-26 11:57:35,781 | INFO | AI | Automatic cleanup completed
2026-05-26 12:02:35,781 | INFO | AI | Automatic cleanup completed
2026-05-26 12:07:35,781 | INFO | AI | Automatic cleanup completed
2026-05-26 12:12:35,781 | INFO | AI | Automatic cleanup completed
2026-05-26 12:17:35,781 | INFO | AI | Automatic cleanup completed
2026-05-26 12:22:35,781 | INFO | AI | Automatic cleanup completed
2026-05-26 12:27:35,781 | INFO | AI | Automatic cleanup completed
2026-05-26 12:32:35,781 | INFO | AI | Automatic cleanup completed
2026-05-26 12:37:35,781 | INFO | AI | Automatic cleanup completed
2026-05-26 12:42:35,781 | INFO | AI | Automatic cleanup completed
2026-05-26 12:47:35,781 | INFO | AI | Automatic cleanup completed
2026-05-26 12:52:35,781 | INFO | AI | Automatic cleanup completed
2026-05-26 12:57:35,783 | INFO | AI | Automatic cleanup completed
2026-05-26 13:02:35,781 | INFO | AI | Automatic cleanup completed
2026-05-26 13:07:35,781 | INFO | AI | Automatic cleanup completed
2026-05-26 13:12:35,781 | INFO | AI | Automatic cleanup completed
2026-05-26 13:17:35,781 | INFO | AI | Automatic cleanup completed
2026-05-26 13:22:35,781 | INFO | AI | Automatic cleanup completed
2026-05-26 13:27:35,781 | INFO | AI | Automatic cleanup completed
2026-05-26 13:32:35,781 | INFO | AI | Automatic cleanup completed
2026-05-26 13:37:35,781 | INFO | AI | Automatic cleanup completed
2026-05-26 13:42:35,781 | INFO | AI | Automatic cleanup completed
2026-05-26 13:47:35,781 | INFO | AI | Automatic cleanup completed
2026-05-26 13:52:35,781 | INFO | AI | Automatic cleanup completed
2026-05-26 13:57:35,781 | INFO | AI | Automatic cleanup completed
2026-05-26 13:58:48,275 | INFO | AI | APScheduler started successfully
2026-05-26 13:59:58,865 | INFO | AI | APScheduler started successfully
2026-05-26 14:04:22,922 | INFO | AI | APScheduler started successfully
2026-05-26 14:06:41,176 | INFO | AI | APScheduler started successfully
2026-05-26 14:11:41,176 | INFO | AI | Automatic cleanup completed
2026-05-26 14:16:41,176 | INFO | AI | Automatic cleanup completed
2026-05-26 14:21:41,176 | INFO | AI | Automatic cleanup completed
2026-05-26 14:26:41,176 | INFO | AI | Automatic cleanup completed
2026-05-26 14:31:41,176 | INFO | AI | Automatic cleanup completed
2026-05-26 14:36:41,176 | INFO | AI | Automatic cleanup completed
2026-05-26 14:41:41,176 | INFO | AI | Automatic cleanup completed
2026-05-26 14:46:41,176 | INFO | AI | Automatic cleanup completed
2026-05-26 14:51:41,176 | INFO | AI | Automatic cleanup completed
2026-05-26 14:56:41,176 | INFO | AI | Automatic cleanup completed
2026-05-26 15:01:41,176 | INFO | AI | Automatic cleanup completed
2026-05-26 15:06:41,177 | INFO | AI | Automatic cleanup completed
2026-05-26 15:11:41,176 | INFO | AI | Automatic cleanup completed
2026-05-26 15:16:41,176 | INFO | AI | Automatic cleanup completed
2026-05-26 15:21:41,176 | INFO | AI | Automatic cleanup completed
2026-05-26 15:26:41,176 | INFO | AI | Automatic cleanup completed
2026-05-26 15:31:41,176 | INFO | AI | Automatic cleanup completed
2026-05-26 15:32:33,520 | INFO | AI | APScheduler started successfully
2026-05-26 15:32:52,092 | INFO | AI | APScheduler started successfully
2026-05-26 15:33:10,269 | INFO | AI | APScheduler started successfully
2026-05-26 15:33:52,000 | INFO | AI | APScheduler started successfully
2026-05-26 15:34:49,254 | INFO | AI | APScheduler started successfully
2026-05-26 15:35:07,837 | INFO | AI | APScheduler started successfully
2026-05-26 15:35:26,233 | INFO | AI | APScheduler started successfully
2026-05-26 15:36:19,832 | INFO | AI | APScheduler started successfully
2026-05-26 15:37:46,696 | INFO | AI | APScheduler started successfully
2026-05-26 15:42:46,697 | INFO | AI | Automatic cleanup completed
2026-05-26 15:45:14,889 | INFO | AI | APScheduler started successfully
2026-05-26 15:50:14,890 | INFO | AI | Automatic cleanup completed
2026-05-26 15:55:14,889 | INFO | AI | Automatic cleanup completed
2026-05-26 16:00:14,889 | INFO | AI | Automatic cleanup completed
2026-05-26 16:05:14,889 | INFO | AI | Automatic cleanup completed
2026-05-26 16:10:14,889 | INFO | AI | Automatic cleanup completed
2026-05-26 16:15:14,889 | INFO | AI | Automatic cleanup completed
2026-05-26 16:20:14,890 | INFO | AI | Automatic cleanup completed
2026-05-26 16:25:14,889 | INFO | AI | Automatic cleanup completed
2026-05-26 16:30:14,890 | INFO | AI | Automatic cleanup completed
2026-05-26 16:35:14,889 | INFO | AI | Automatic cleanup completed
2026-05-26 16:40:14,890 | INFO | AI | Automatic cleanup completed
2026-05-26 16:45:14,889 | INFO | AI | Automatic cleanup completed
2026-05-26 16:50:14,889 | INFO | AI | Automatic cleanup completed
2026-05-26 16:55:14,889 | INFO | AI | Automatic cleanup completed
2026-05-26 17:00:14,889 | INFO | AI | Automatic cleanup completed
2026-05-26 17:05:14,889 | INFO | AI | Automatic cleanup completed
2026-05-26 17:07:25,282 | INFO | AI | APScheduler started successfully
2026-05-26 17:07:49,717 | INFO | AI | APScheduler started successfully
2026-05-26 17:12:49,718 | INFO | AI | Automatic cleanup completed
2026-05-26 17:17:49,717 | INFO | AI | Automatic cleanup completed
2026-05-26 17:22:49,717 | INFO | AI | Automatic cleanup completed
2026-05-26 17:27:49,717 | INFO | AI | Automatic cleanup completed
2026-05-26 17:32:49,717 | INFO | AI | Automatic cleanup completed
2026-05-26 17:37:49,717 | INFO | AI | Automatic cleanup completed
2026-05-26 17:42:49,717 | INFO | AI | Automatic cleanup completed
2026-05-26 17:45:51,722 | INFO | AI | APScheduler started successfully
2026-05-26 17:50:51,722 | INFO | AI | Automatic cleanup completed
2026-05-26 17:55:51,722 | INFO | AI | Automatic cleanup completed
2026-05-26 18:00:51,722 | INFO | AI | Automatic cleanup completed
2026-05-26 18:05:51,723 | INFO | AI | Automatic cleanup completed
2026-05-26 18:10:51,722 | INFO | AI | Automatic cleanup completed
2026-05-26 18:15:51,722 | INFO | AI | Automatic cleanup completed
2026-05-26 18:16:57,027 | INFO | AI | Multimodal orchestration started
2026-05-26 18:16:57,029 | INFO | AI | Text orchestration started
2026-05-26 18:17:00,243 | INFO | AI | Text processing completed successfully
2026-05-26 18:17:00,243 | INFO | AI | Multimodal orchestration completed
2026-05-26 18:20:51,722 | INFO | AI | Automatic cleanup completed
2026-05-26 18:21:57,835 | INFO | AI | Multimodal orchestration started
2026-05-26 18:21:57,836 | INFO | AI | Text orchestration started
2026-05-26 18:21:57,838 | INFO | AI | Text cache hit
2026-05-26 18:21:57,838 | INFO | AI | Multimodal orchestration completed
2026-05-26 18:22:40,498 | INFO | AI | Multimodal orchestration started
2026-05-26 18:22:40,498 | INFO | AI | Voice orchestration started
2026-05-26 18:23:55,360 | INFO | AI | Deleted file: temp_uploads/Sample.mp3
2026-05-26 18:23:55,360 | INFO | AI | Deleted file: temp_uploads/processed_audio/Output.wav
2026-05-26 18:23:55,361 | INFO | AI | Deleted file: /tmp/64f48b0e-50fd-48c3-88d7-8e74067ee4dd.mp3
2026-05-26 18:23:55,361 | INFO | AI | Deleted directory: temp_uploads/processed_audio
2026-05-26 18:23:55,361 | INFO | AI | Voice processing completed successfully
2026-05-26 18:23:55,361 | INFO | AI | Text orchestration started
2026-05-26 18:23:58,736 | INFO | AI | Text processing completed successfully
2026-05-26 18:23:58,736 | INFO | AI | Multimodal orchestration completed
2026-05-26 18:25:51,723 | INFO | AI | Automatic cleanup completed
2026-05-26 18:30:51,722 | INFO | AI | Automatic cleanup completed
2026-05-26 18:35:51,722 | INFO | AI | Automatic cleanup completed
2026-05-26 18:39:34,465 | INFO | AI | Multimodal orchestration started
2026-05-26 18:39:34,465 | INFO | AI | Text orchestration started
2026-05-26 18:39:34,468 | INFO | AI | Text cache hit
2026-05-26 18:39:34,468 | INFO | AI | Multimodal orchestration completed
2026-05-27 23:15:51,722 | INFO | AI | Automatic cleanup completed
2026-05-27 23:20:51,722 | INFO | AI | Automatic cleanup completed
2026-05-27 23:25:51,722 | INFO | AI | Automatic cleanup completed
2026-05-27 23:30:51,722 | INFO | AI | Automatic cleanup completed
2026-05-27 23:35:51,722 | INFO | AI | Automatic cleanup completed
2026-05-27 23:41:08,693 | INFO | AI | APScheduler started successfully
2026-05-27 23:46:08,693 | INFO | AI | Automatic cleanup completed
2026-05-27 23:51:09,192 | INFO | AI | Automatic cleanup completed
2026-05-27 23:56:08,693 | INFO | AI | Automatic cleanup completed
2026-05-28 00:01:08,693 | INFO | AI | Automatic cleanup completed
2026-05-28 00:06:08,693 | INFO | AI | Automatic cleanup completed
2026-05-28 00:11:08,693 | INFO | AI | Automatic cleanup completed
2026-05-28 00:16:08,693 | INFO | AI | Automatic cleanup completed
2026-05-28 00:21:08,693 | INFO | AI | Automatic cleanup completed
2026-05-28 00:26:08,693 | INFO | AI | Automatic cleanup completed
2026-05-28 00:31:08,693 | INFO | AI | Automatic cleanup completed
2026-05-28 00:33:30,878 | INFO | AI | Multimodal orchestration started
2026-05-28 00:33:30,878 | INFO | AI | Text orchestration started
2026-05-28 00:33:33,775 | INFO | AI | Text processing completed successfully
2026-05-28 00:33:33,775 | INFO | AI | Multimodal orchestration completed
2026-05-28 00:36:08,693 | INFO | AI | Automatic cleanup completed
2026-05-28 00:41:08,693 | INFO | AI | Automatic cleanup completed
2026-05-28 00:44:05,281 | INFO | AI | APScheduler started successfully
2026-05-28 00:48:22,271 | INFO | AI | APScheduler started successfully
2026-05-28 00:48:39,555 | INFO | AI | APScheduler started successfully
2026-05-28 00:50:55,258 | INFO | AI | APScheduler started successfully
2026-05-28 00:51:12,825 | INFO | AI | APScheduler started successfully
2026-05-28 00:56:12,826 | INFO | AI | Automatic cleanup completed
2026-05-28 00:58:12,009 | INFO | AI | APScheduler started successfully
2026-05-28 00:58:30,965 | INFO | AI | APScheduler started successfully
2026-05-28 01:03:30,966 | INFO | AI | Automatic cleanup completed
2026-05-28 01:04:37,647 | INFO | AI | APScheduler started successfully
2026-05-28 01:09:37,649 | INFO | AI | Automatic cleanup completed
2026-05-28 01:14:33,423 | INFO | AI | APScheduler started successfully
2026-05-28 01:19:33,423 | INFO | AI | Automatic cleanup completed
2026-05-28 01:24:12,123 | INFO | AI | APScheduler started successfully
2026-05-28 01:24:52,250 | INFO | AI | APScheduler started successfully
2026-05-28 01:25:11,881 | INFO | AI | APScheduler started successfully
2026-05-28 01:30:11,882 | INFO | AI | Automatic cleanup completed
2026-05-28 01:33:07,281 | INFO | AI | APScheduler started successfully
2026-05-28 01:33:35,631 | INFO | AI | APScheduler started successfully
2026-05-28 01:34:07,940 | INFO | AI | APScheduler started successfully
2026-05-28 01:34:57,207 | INFO | AI | APScheduler started successfully
2026-05-28 01:39:57,209 | INFO | AI | Automatic cleanup completed
2026-05-28 01:44:57,207 | INFO | AI | Automatic cleanup completed
2026-05-28 01:46:04,504 | INFO | AI | APScheduler started successfully
2026-05-28 01:46:25,068 | INFO | AI | APScheduler started successfully
2026-05-28 01:48:28,808 | INFO | AI | APScheduler started successfully
2026-05-28 01:52:28,190 | INFO | AI | Multimodal orchestration started
2026-05-28 01:52:28,190 | INFO | AI | Text orchestration started
2026-05-28 01:52:30,591 | INFO | AI | Text processing completed successfully
2026-05-28 01:52:30,591 | INFO | AI | Multimodal orchestration completed
2026-05-28 01:53:28,809 | INFO | AI | Automatic cleanup completed
2026-05-28 14:36:30,085 | INFO | AI | APScheduler started successfully
2026-05-28 14:37:45,018 | INFO | AI | Multimodal orchestration started
2026-05-28 14:37:45,019 | INFO | AI | Text orchestration started
2026-05-28 14:37:47,788 | INFO | AI | Text processing completed successfully
2026-05-28 14:37:47,789 | INFO | AI | Multimodal orchestration completed
2026-05-28 14:38:08,355 | INFO | AI | Multimodal orchestration started
2026-05-28 14:38:08,355 | INFO | AI | Text orchestration started
2026-05-28 14:38:10,399 | INFO | AI | Text processing completed successfully
2026-05-28 14:38:10,399 | INFO | AI | Multimodal orchestration completed
2026-05-28 14:38:33,421 | INFO | AI | Multimodal orchestration started
2026-05-28 14:38:33,421 | INFO | AI | Text orchestration started
2026-05-28 14:38:35,581 | INFO | AI | Text processing completed successfully
2026-05-28 14:38:35,581 | INFO | AI | Multimodal orchestration completed
2026-05-28 14:39:22,048 | INFO | AI | Multimodal orchestration started
2026-05-28 14:39:22,049 | INFO | AI | Text orchestration started
2026-05-28 14:39:22,050 | INFO | AI | Text cache hit
2026-05-28 14:39:22,050 | INFO | AI | Multimodal orchestration completed
2026-05-28 14:40:11,974 | INFO | AI | Multimodal orchestration started
2026-05-28 14:40:11,974 | INFO | AI | Text orchestration started
2026-05-28 14:40:11,974 | INFO | AI | Text cache hit
2026-05-28 14:40:11,975 | INFO | AI | Multimodal orchestration completed
2026-05-28 14:40:50,855 | INFO | AI | Multimodal orchestration started
2026-05-28 14:40:50,856 | INFO | AI | Text orchestration started
2026-05-28 14:40:53,100 | INFO | AI | Text processing completed successfully
2026-05-28 14:40:53,100 | INFO | AI | Multimodal orchestration completed
2026-05-28 14:41:30,085 | INFO | AI | Automatic cleanup completed
2026-05-28 14:46:30,085 | INFO | AI | Automatic cleanup completed
2026-05-28 14:56:30,085 | INFO | AI | Automatic cleanup completed
2026-05-28 15:01:30,085 | INFO | AI | Automatic cleanup completed
2026-05-28 15:06:26,102 | INFO | AI | Multimodal orchestration started
2026-05-28 15:06:26,102 | INFO | AI | Text orchestration started
2026-05-28 15:06:26,103 | INFO | AI | Text cache hit
2026-05-28 15:06:26,104 | INFO | AI | Multimodal orchestration completed
2026-05-28 15:06:30,085 | INFO | AI | Automatic cleanup completed
2026-05-28 15:06:58,487 | INFO | AI | Multimodal orchestration started
2026-05-28 15:06:58,487 | INFO | AI | Text orchestration started
2026-05-28 15:06:58,488 | INFO | AI | Text cache hit
2026-05-28 15:06:58,488 | INFO | AI | Multimodal orchestration completed
2026-05-28 15:07:05,685 | INFO | AI | Multimodal orchestration started
2026-05-28 15:07:05,685 | INFO | AI | Text orchestration started
2026-05-28 15:07:13,160 | INFO | AI | Text processing completed successfully
2026-05-28 15:07:13,160 | INFO | AI | Multimodal orchestration completed
2026-05-28 15:08:06,100 | INFO | AI | Multimodal orchestration started
2026-05-28 15:08:06,100 | INFO | AI | Text orchestration started
2026-05-28 15:08:06,101 | INFO | AI | Text cache hit
2026-05-28 15:08:06,101 | INFO | AI | Multimodal orchestration completed
2026-05-28 15:08:21,139 | INFO | AI | Multimodal orchestration started
2026-05-28 15:08:21,140 | INFO | AI | Text orchestration started
2026-05-28 15:08:22,683 | INFO | AI | Text processing completed successfully
2026-05-28 15:08:22,684 | INFO | AI | Multimodal orchestration completed
2026-05-28 15:09:23,009 | INFO | AI | APScheduler started successfully
2026-05-28 15:09:30,921 | INFO | AI | Multimodal orchestration started
2026-05-28 15:09:30,922 | INFO | AI | Text orchestration started
2026-05-28 15:09:30,923 | INFO | AI | Text cache hit
2026-05-28 15:09:30,923 | INFO | AI | Multimodal orchestration completed
2026-05-28 15:11:49,414 | INFO | AI | APScheduler started successfully
2026-05-28 15:12:09,665 | INFO | AI | APScheduler started successfully
2026-05-28 15:12:27,407 | INFO | AI | APScheduler started successfully
2026-05-28 15:13:33,856 | INFO | AI | APScheduler started successfully
2026-05-28 15:13:56,980 | INFO | AI | Multimodal orchestration started
2026-05-28 15:13:56,980 | INFO | AI | Text orchestration started
2026-05-28 15:13:59,013 | INFO | AI | Text processing completed successfully
2026-05-28 15:13:59,013 | INFO | AI | Multimodal orchestration completed
2026-05-28 15:15:16,679 | INFO | AI | APScheduler started successfully
2026-05-28 15:15:24,855 | INFO | AI | Multimodal orchestration started
2026-05-28 15:15:24,858 | INFO | AI | Text orchestration started
2026-05-28 15:15:27,416 | INFO | AI | Text processing completed successfully
2026-05-28 15:15:27,416 | INFO | AI | Multimodal orchestration completed
2026-05-28 15:18:50,595 | INFO | AI | APScheduler started successfully
2026-05-28 15:19:02,762 | INFO | AI | Multimodal orchestration started
2026-05-28 15:19:02,762 | INFO | AI | Text orchestration started
2026-05-28 15:19:03,348 | INFO | AI | Text processing completed successfully
2026-05-28 15:19:03,348 | INFO | AI | Multimodal orchestration completed
2026-05-28 15:19:19,772 | INFO | AI | Multimodal orchestration started
2026-05-28 15:19:19,772 | INFO | AI | Text orchestration started
2026-05-28 15:19:20,147 | INFO | AI | Text processing completed successfully
2026-05-28 15:19:20,147 | INFO | AI | Multimodal orchestration completed
2026-05-28 15:19:44,693 | INFO | AI | Multimodal orchestration started
2026-05-28 15:19:44,694 | INFO | AI | Text orchestration started
2026-05-28 15:19:45,253 | INFO | AI | Text processing completed successfully
2026-05-28 15:19:45,253 | INFO | AI | Multimodal orchestration completed
2026-05-28 15:20:19,709 | INFO | AI | Multimodal orchestration started
2026-05-28 15:20:19,709 | INFO | AI | Text orchestration started
2026-05-28 15:20:19,751 | INFO | AI | Text processing completed successfully
2026-05-28 15:20:19,752 | INFO | AI | Multimodal orchestration completed
2026-05-28 15:23:50,595 | INFO | AI | Automatic cleanup completed
2026-05-28 15:24:24,981 | INFO | AI | APScheduler started successfully
2026-05-28 15:24:32,902 | INFO | AI | Multimodal orchestration started
2026-05-28 15:24:32,903 | INFO | AI | Text orchestration started
2026-05-28 15:24:33,271 | INFO | AI | Multimodal orchestration completed
2026-05-28 15:24:36,944 | INFO | AI | Multimodal orchestration started
2026-05-28 15:24:36,945 | INFO | AI | Text orchestration started
2026-05-28 15:24:36,961 | INFO | AI | Multimodal orchestration completed
2026-05-28 15:24:42,523 | INFO | AI | Multimodal orchestration started
2026-05-28 15:24:42,523 | INFO | AI | Text orchestration started
2026-05-28 15:24:42,542 | INFO | AI | Multimodal orchestration completed
2026-05-28 15:27:01,331 | INFO | AI | APScheduler started successfully
2026-05-28 15:27:08,461 | INFO | AI | Multimodal orchestration started
2026-05-28 15:27:08,462 | INFO | AI | Text orchestration started
2026-05-28 15:27:09,241 | INFO | AI | Text processing completed successfully
2026-05-28 15:27:09,241 | INFO | AI | Multimodal orchestration completed
2026-05-28 15:27:11,873 | INFO | AI | Multimodal orchestration started
2026-05-28 15:27:11,873 | INFO | AI | Text orchestration started
2026-05-28 15:27:12,094 | INFO | AI | Text processing completed successfully
2026-05-28 15:27:12,095 | INFO | AI | Multimodal orchestration completed
2026-05-28 15:27:20,129 | INFO | AI | Multimodal orchestration started
2026-05-28 15:27:20,130 | INFO | AI | Text orchestration started
2026-05-28 15:27:20,500 | INFO | AI | Text processing completed successfully
2026-05-28 15:27:20,500 | INFO | AI | Multimodal orchestration completed
2026-05-28 15:27:44,121 | INFO | AI | Multimodal orchestration started
2026-05-28 15:27:44,121 | INFO | AI | Text orchestration started
2026-05-28 15:27:44,763 | INFO | AI | Text processing completed successfully
2026-05-28 15:27:44,764 | INFO | AI | Multimodal orchestration completed
2026-05-28 15:32:01,331 | INFO | AI | Automatic cleanup completed
2026-05-28 15:33:14,756 | INFO | AI | APScheduler started successfully
2026-05-28 15:33:35,670 | INFO | AI | APScheduler started successfully
2026-05-28 15:33:56,949 | INFO | AI | APScheduler started successfully
2026-05-28 15:37:31,716 | INFO | AI | APScheduler started successfully
2026-05-28 15:38:16,152 | INFO | AI | APScheduler started successfully
2026-05-28 15:38:40,074 | INFO | AI | Multimodal orchestration started
2026-05-28 15:38:40,074 | INFO | AI | Text orchestration started
2026-05-28 15:38:40,079 | INFO | AI | Multimodal orchestration completed
2026-05-28 15:38:48,553 | INFO | AI | Multimodal orchestration started
2026-05-28 15:38:48,553 | INFO | AI | Text orchestration started
2026-05-28 15:38:48,556 | INFO | AI | Multimodal orchestration completed
2026-05-28 15:39:02,312 | INFO | AI | Multimodal orchestration started
2026-05-28 15:39:02,312 | INFO | AI | Text orchestration started
2026-05-28 15:39:02,314 | INFO | AI | Multimodal orchestration completed
2026-05-28 15:41:46,695 | INFO | AI | APScheduler started successfully
2026-05-28 15:42:40,342 | INFO | AI | APScheduler started successfully
2026-05-28 15:42:49,471 | INFO | AI | Multimodal orchestration started
2026-05-28 15:42:49,471 | INFO | AI | Text orchestration started
2026-05-28 15:42:50,294 | INFO | AI | Text processing completed successfully
2026-05-28 15:42:50,295 | INFO | AI | Multimodal orchestration completed
2026-05-28 15:42:59,367 | INFO | AI | Multimodal orchestration started
2026-05-28 15:42:59,368 | INFO | AI | Text orchestration started
2026-05-28 15:42:59,384 | INFO | AI | Multimodal orchestration completed
2026-05-28 15:43:11,105 | INFO | AI | Multimodal orchestration started
2026-05-28 15:43:11,106 | INFO | AI | Text orchestration started
2026-05-28 15:43:11,124 | INFO | AI | Multimodal orchestration completed
2026-05-28 15:46:24,947 | INFO | AI | APScheduler started successfully
2026-05-28 15:46:47,035 | INFO | AI | APScheduler started successfully
2026-05-28 15:47:02,563 | INFO | AI | APScheduler started successfully
2026-05-28 15:47:10,546 | INFO | AI | Multimodal orchestration started
2026-05-28 15:47:10,547 | INFO | AI | Text orchestration started
2026-05-28 15:47:11,284 | INFO | AI | Text processing completed successfully
2026-05-28 15:47:11,284 | INFO | AI | Multimodal orchestration completed
2026-05-28 15:47:19,397 | INFO | AI | Multimodal orchestration started
2026-05-28 15:47:19,397 | INFO | AI | Text orchestration started
2026-05-28 15:47:19,782 | INFO | AI | Text processing completed successfully
2026-05-28 15:47:19,782 | INFO | AI | Multimodal orchestration completed
2026-05-28 15:47:28,880 | INFO | AI | Multimodal orchestration started
2026-05-28 15:47:28,880 | INFO | AI | Text orchestration started
2026-05-28 15:47:29,206 | INFO | AI | Text processing completed successfully
2026-05-28 15:47:29,207 | INFO | AI | Multimodal orchestration completed
2026-05-28 15:47:56,342 | INFO | AI | Multimodal orchestration started
2026-05-28 15:47:56,343 | INFO | AI | Text orchestration started
2026-05-28 15:47:56,741 | INFO | AI | Text processing completed successfully
2026-05-28 15:47:56,742 | INFO | AI | Multimodal orchestration completed
2026-05-28 15:48:16,780 | INFO | AI | Multimodal orchestration started
2026-05-28 15:48:16,780 | INFO | AI | Text orchestration started
2026-05-28 15:48:17,439 | INFO | AI | Text processing completed successfully
2026-05-28 15:48:17,440 | INFO | AI | Multimodal orchestration completed
2026-05-28 15:50:24,694 | INFO | AI | Multimodal orchestration started
2026-05-28 15:50:24,695 | INFO | AI | Text orchestration started
2026-05-28 15:50:25,118 | INFO | AI | Text processing completed successfully
2026-05-28 15:50:25,118 | INFO | AI | Multimodal orchestration completed
2026-05-28 15:52:02,563 | INFO | AI | Automatic cleanup completed
2026-05-28 15:57:02,567 | INFO | AI | Automatic cleanup completed
2026-05-28 16:02:02,563 | INFO | AI | Automatic cleanup completed
2026-05-28 16:02:50,339 | INFO | AI | Multimodal orchestration started
2026-05-28 16:02:50,339 | INFO | AI | Image orchestration started
2026-05-28 16:03:04,475 | INFO | AI | Deleted file: temp_uploads/WhatsApp Image 2026-03-17 at 2.09.57 AM.jpeg
2026-05-28 16:03:04,477 | INFO | AI | Deleted file: /home/hassan/Desktop/remind/image_ai/cache/5b22d564bec4641a702cdb119ee1da402442511b34b3d3f961700bae8834ac8e/enhanced_image.png
2026-05-28 16:03:04,478 | INFO | AI | Deleted directory: /home/hassan/Desktop/remind/image_ai/cache/5b22d564bec4641a702cdb119ee1da402442511b34b3d3f961700bae8834ac8e
2026-05-28 16:03:04,478 | INFO | AI | Image orchestration completed successfully
2026-05-28 16:03:04,478 | INFO | AI | Text orchestration started
2026-05-28 16:03:05,023 | INFO | AI | Text processing completed successfully
2026-05-28 16:03:05,023 | INFO | AI | Multimodal orchestration completed
2026-05-28 16:03:16,782 | INFO | AI | Multimodal orchestration started
2026-05-28 16:03:16,783 | INFO | AI | Image orchestration started
2026-05-28 16:05:54,320 | INFO | AI | Deleted file: temp_uploads/Screenshot from 2026-05-28 15-43-18.png
2026-05-28 16:05:54,320 | INFO | AI | Deleted file: /home/hassan/Desktop/remind/image_ai/temp/75bda02f-57fc-4730-91cf-9ffe678bbe6e/final/Screenshot from 2026-05-28 15-43-18_out.png
2026-05-28 16:05:54,321 | INFO | AI | Deleted directory: /home/hassan/Desktop/remind/image_ai/temp/75bda02f-57fc-4730-91cf-9ffe678bbe6e/final
2026-05-28 16:05:54,321 | INFO | AI | Image orchestration completed successfully
2026-05-28 16:05:54,321 | INFO | AI | Text orchestration started
2026-05-28 16:05:54,717 | INFO | AI | Text processing completed successfully
2026-05-28 16:05:54,717 | INFO | AI | Multimodal orchestration completed
2026-05-28 16:06:12,688 | INFO | AI | Multimodal orchestration started
2026-05-28 16:06:12,689 | INFO | AI | Image orchestration started
2026-05-28 16:07:02,564 | INFO | AI | Automatic cleanup completed
2026-05-28 16:08:02,289 | INFO | AI | Deleted file: temp_uploads/Screenshot from 2026-05-28 15-20-25.png
2026-05-28 16:08:02,289 | INFO | AI | Deleted file: /home/hassan/Desktop/remind/image_ai/temp/b7763091-dcf9-49b1-89a8-788901f62adc/final/Screenshot from 2026-05-28 15-20-25_out.png
2026-05-28 16:08:02,289 | INFO | AI | Deleted directory: /home/hassan/Desktop/remind/image_ai/temp/b7763091-dcf9-49b1-89a8-788901f62adc/final
2026-05-28 16:08:02,289 | INFO | AI | Image orchestration completed successfully
2026-05-28 16:08:02,290 | INFO | AI | Text orchestration started
2026-05-28 16:08:02,700 | INFO | AI | Text processing completed successfully
2026-05-28 16:08:02,701 | INFO | AI | Multimodal orchestration completed
2026-05-28 16:12:02,563 | INFO | AI | Automatic cleanup completed
2026-05-28 16:17:02,563 | INFO | AI | Automatic cleanup completed
2026-05-28 16:22:02,566 | INFO | AI | Automatic cleanup completed
2026-05-28 16:42:58,715 | INFO | AI | APScheduler started successfully
2026-05-28 16:43:55,023 | INFO | AI | Multimodal orchestration started
2026-05-28 16:43:55,023 | INFO | AI | Text orchestration started
2026-05-28 16:43:56,182 | INFO | AI | Text processing completed successfully
2026-05-28 16:43:56,183 | INFO | AI | Multimodal orchestration completed
2026-05-28 16:44:07,203 | INFO | AI | Multimodal orchestration started
2026-05-28 16:44:07,203 | INFO | AI | Image orchestration started
2026-05-28 16:44:07,205 | INFO | AI | Image cache hit
2026-05-28 16:44:07,205 | INFO | AI | Text orchestration started
2026-05-28 16:44:07,815 | INFO | AI | Text processing completed successfully
2026-05-28 16:44:07,816 | INFO | AI | Multimodal orchestration completed
2026-05-28 16:44:23,464 | INFO | AI | Multimodal orchestration started
2026-05-28 16:44:23,465 | INFO | AI | Text orchestration started
2026-05-28 16:44:24,092 | INFO | AI | Text processing completed successfully
2026-05-28 16:44:24,092 | INFO | AI | Multimodal orchestration completed
2026-05-28 16:47:58,715 | INFO | AI | Automatic cleanup completed
2026-05-28 16:52:58,714 | INFO | AI | Automatic cleanup completed
2026-05-28 16:57:58,715 | INFO | AI | Automatic cleanup completed
2026-05-28 17:00:09,615 | INFO | AI | Multimodal orchestration started
2026-05-28 17:00:09,615 | INFO | AI | Image orchestration started
2026-05-28 17:00:09,616 | INFO | AI | Image cache hit
2026-05-28 17:00:09,617 | INFO | AI | Text orchestration started
2026-05-28 17:00:10,566 | INFO | AI | Text processing completed successfully
2026-05-28 17:00:10,567 | INFO | AI | Multimodal orchestration completed
2026-05-28 17:02:58,714 | INFO | AI | Automatic cleanup completed
2026-05-28 17:06:16,260 | INFO | AI | Multimodal orchestration started
2026-05-28 17:06:16,260 | INFO | AI | Image orchestration started
2026-05-28 17:06:16,260 | INFO | AI | Image cache hit
2026-05-28 17:06:16,261 | INFO | AI | Text orchestration started
2026-05-28 17:06:16,879 | INFO | AI | Text processing completed successfully
2026-05-28 17:06:16,880 | INFO | AI | Multimodal orchestration completed
2026-05-28 17:07:58,716 | INFO | AI | Automatic cleanup completed
2026-05-28 17:12:58,715 | INFO | AI | Automatic cleanup completed
2026-05-28 17:15:58,932 | INFO | AI | APScheduler started successfully
2026-05-28 17:16:32,059 | INFO | AI | Multimodal orchestration started
2026-05-28 17:16:32,059 | INFO | AI | Image orchestration started
2026-05-28 17:16:39,163 | INFO | AI | Deleted file: temp_uploads/Screenshot from 2026-05-28 15-39-13.png
2026-05-28 17:16:39,167 | INFO | AI | Deleted directory: temp_uploads
2026-05-28 17:16:39,167 | INFO | AI | Image orchestration completed successfully
2026-05-28 17:16:39,167 | INFO | AI | Text orchestration started
2026-05-28 17:16:39,679 | INFO | AI | Text processing completed successfully
2026-05-28 17:16:39,680 | INFO | AI | Multimodal orchestration completed
2026-05-28 17:18:58,407 | INFO | AI | APScheduler started successfully
2026-05-28 17:19:16,007 | INFO | AI | Multimodal orchestration started
2026-05-28 17:19:16,007 | INFO | AI | Image orchestration started
2026-05-28 17:19:22,684 | INFO | AI | Deleted file: temp_uploads/Screenshot from 2026-05-28 15-27-53.png
2026-05-28 17:19:22,685 | INFO | AI | Deleted directory: temp_uploads
2026-05-28 17:19:22,685 | INFO | AI | Image orchestration completed successfully
2026-05-28 17:19:22,685 | INFO | AI | Text orchestration started
2026-05-28 17:19:23,314 | INFO | AI | Text processing completed successfully
2026-05-28 17:19:23,314 | INFO | AI | Multimodal orchestration completed
2026-05-28 17:23:58,408 | INFO | AI | Automatic cleanup completed
2026-05-28 17:28:58,407 | INFO | AI | Automatic cleanup completed
2026-05-28 17:33:40,084 | INFO | AI | APScheduler started successfully
2026-05-28 17:33:53,785 | INFO | AI | Multimodal orchestration started
2026-05-28 17:33:53,785 | INFO | AI | Image orchestration started
2026-05-28 17:33:59,199 | INFO | AI | Deleted file: temp_uploads/images.jpg
2026-05-28 17:33:59,199 | INFO | AI | Deleted directory: temp_uploads
2026-05-28 17:33:59,199 | INFO | AI | Image orchestration completed successfully
2026-05-28 17:33:59,200 | INFO | AI | Text orchestration started
2026-05-28 17:33:59,813 | INFO | AI | Text processing completed successfully
2026-05-28 17:33:59,813 | INFO | AI | Multimodal orchestration completed
2026-05-28 17:34:13,807 | INFO | AI | Deleted file: temp_uploads/7e378e99-91cd-4e4f-9494-44d30ec3c2b2.jpg
2026-05-28 17:34:13,809 | INFO | AI | Deleted file: /home/hassan/Desktop/remind/image_ai/cache/200b75899164b3aa627e1073aa5b8a84febd232617e42c1c355c174f33071fa1/enhanced_image.png
2026-05-28 17:34:13,810 | INFO | AI | Deleted directory: /home/hassan/Desktop/remind/image_ai/cache/200b75899164b3aa627e1073aa5b8a84febd232617e42c1c355c174f33071fa1
2026-05-28 17:36:02,095 | INFO | AI | Multimodal orchestration started
2026-05-28 17:36:02,095 | INFO | AI | Voice orchestration started
2026-05-28 17:36:14,669 | INFO | AI | Deleted file: temp_uploads/Sample.mp3
2026-05-28 17:36:14,670 | INFO | AI | Deleted file: temp_uploads/processed_audio/Output.wav
2026-05-28 17:36:14,670 | INFO | AI | Deleted file: /tmp/2ce2b91b-1f7c-4cac-a55d-0ce04e0d1ded.mp3
2026-05-28 17:36:14,670 | INFO | AI | Deleted directory: temp_uploads/processed_audio
2026-05-28 17:36:14,671 | INFO | AI | Voice processing completed successfully
2026-05-28 17:36:14,671 | INFO | AI | Text orchestration started
2026-05-28 17:36:15,496 | INFO | AI | Text processing completed successfully
2026-05-28 17:36:15,496 | INFO | AI | Multimodal orchestration completed
2026-05-28 17:38:24,458 | INFO | AI | Multimodal orchestration started
2026-05-28 17:38:24,458 | INFO | AI | Image orchestration started
2026-05-28 17:38:24,459 | INFO | AI | Image cache hit
2026-05-28 17:38:24,459 | INFO | AI | Voice orchestration started
2026-05-28 17:38:24,466 | INFO | AI | Voice cache hit
2026-05-28 17:38:24,467 | INFO | AI | Text orchestration started
2026-05-28 17:38:25,355 | INFO | AI | Text processing completed successfully
2026-05-28 17:38:25,355 | INFO | AI | Multimodal orchestration completed
2026-05-28 17:38:40,084 | INFO | AI | Automatic cleanup completed
2026-05-28 17:43:40,084 | INFO | AI | Automatic cleanup completed
2026-05-28 17:48:40,256 | INFO | AI | APScheduler started successfully
2026-05-28 17:51:50,585 | INFO | AI | APScheduler started successfully
2026-05-28 17:53:34,338 | INFO | AI | APScheduler started successfully
2026-05-28 17:56:31,180 | INFO | AI | Multimodal orchestration started
2026-05-28 17:56:31,215 | INFO | AI | Text orchestration started
2026-05-28 17:56:32,295 | INFO | AI | Text processing completed successfully
2026-05-28 17:56:32,303 | INFO | AI | Multimodal orchestration completed
2026-05-28 17:58:34,338 | INFO | AI | Deleted old temp file: temp_uploads/images.jpg
2026-05-28 17:58:34,339 | INFO | AI | Deleted old temp file: temp_uploads/Sample.mp3
2026-05-28 17:58:34,339 | INFO | AI | Automatic cleanup completed
2026-05-28 18:19:19,731 | INFO | AI | APScheduler started successfully
2026-05-28 18:24:19,732 | INFO | AI | Automatic cleanup completed
2026-05-28 18:29:19,731 | INFO | AI | Automatic cleanup completed
2026-05-28 18:30:54,704 | INFO | AI | Multimodal orchestration started
2026-05-28 18:30:54,723 | INFO | AI | Text orchestration started
2026-05-28 18:30:55,514 | INFO | AI | Text processing completed successfully
2026-05-28 18:30:55,521 | INFO | AI | Multimodal orchestration completed
2026-05-29 00:34:19,731 | INFO | AI | Automatic cleanup completed
2026-05-29 00:39:19,731 | INFO | AI | Automatic cleanup completed
2026-05-29 00:44:20,380 | INFO | AI | Automatic cleanup completed
2026-05-29 00:45:17,312 | INFO | AI | Multimodal orchestration started
2026-05-29 00:45:17,320 | INFO | AI | Text orchestration started
2026-05-29 00:45:22,704 | INFO | AI | Text processing completed successfully
2026-05-29 00:45:22,712 | INFO | AI | Multimodal orchestration completed
2026-05-29 00:49:19,731 | INFO | AI | Automatic cleanup completed
2026-05-29 00:52:43,855 | INFO | AI | Multimodal orchestration started
2026-05-29 00:52:43,864 | INFO | AI | Text orchestration started
2026-05-29 00:52:44,890 | INFO | AI | Text processing completed successfully
2026-05-29 00:52:44,896 | INFO | AI | Multimodal orchestration completed
2026-05-29 00:54:19,731 | INFO | AI | Automatic cleanup completed
2026-05-29 00:59:19,731 | INFO | AI | Automatic cleanup completed
2026-05-29 01:04:37,061 | INFO | AI | APScheduler started successfully
2026-05-29 01:05:21,656 | INFO | AI | APScheduler started successfully
2026-05-29 01:05:39,257 | INFO | AI | APScheduler started successfully
2026-05-29 01:07:06,565 | INFO | AI | APScheduler started successfully
2026-05-29 01:12:06,565 | INFO | AI | Automatic cleanup completed
2026-05-29 01:17:06,565 | INFO | AI | Automatic cleanup completed
2026-05-29 01:22:06,565 | INFO | AI | Automatic cleanup completed
2026-05-29 01:27:06,566 | INFO | AI | Automatic cleanup completed
2026-05-29 01:28:06,809 | INFO | AI | APScheduler started successfully
2026-05-29 01:30:13,114 | INFO | AI | APScheduler started successfully
2026-05-29 01:32:36,272 | INFO | AI | APScheduler started successfully
2026-05-29 01:37:40,406 | INFO | AI | APScheduler started successfully
2026-05-29 01:42:40,407 | INFO | AI | Automatic cleanup completed
2026-05-29 01:47:40,406 | INFO | AI | Automatic cleanup completed
2026-05-29 01:51:21,261 | INFO | AI | APScheduler started successfully
2026-05-29 01:54:09,373 | INFO | AI | APScheduler started successfully
2026-05-29 01:55:31,576 | INFO | AI | APScheduler started successfully
2026-05-29 01:56:05,452 | INFO | AI | APScheduler started successfully
2026-05-29 01:56:21,891 | INFO | AI | APScheduler started successfully
2026-05-29 02:00:53,861 | INFO | AI | APScheduler started successfully
2026-05-29 02:05:53,861 | INFO | AI | Automatic cleanup completed
2026-05-29 02:10:53,861 | INFO | AI | Automatic cleanup completed
2026-05-29 02:13:48,351 | INFO | AI | APScheduler started successfully
2026-05-29 02:17:51,553 | INFO | AI | APScheduler started successfully
2026-05-29 02:19:37,906 | INFO | AI | APScheduler started successfully
2026-05-29 02:20:17,881 | INFO | AI | APScheduler started successfully
2026-05-29 02:25:17,883 | INFO | AI | Automatic cleanup completed
2026-05-29 02:30:17,883 | INFO | AI | Automatic cleanup completed
2026-05-29 02:35:17,881 | INFO | AI | Automatic cleanup completed
2026-05-29 02:40:17,881 | INFO | AI | Automatic cleanup completed
2026-05-29 02:45:17,882 | INFO | AI | Automatic cleanup completed
2026-05-29 02:50:17,881 | INFO | AI | Automatic cleanup completed
2026-05-29 02:50:49,367 | INFO | AI | Multimodal orchestration started
2026-05-29 02:50:49,378 | INFO | AI | Text orchestration started
2026-05-29 02:50:50,482 | INFO | AI | Text processing completed successfully
2026-05-29 02:50:50,490 | INFO | AI | Multimodal orchestration completed
2026-05-29 02:51:04,826 | INFO | AI | Multimodal orchestration started
2026-05-29 02:51:04,834 | INFO | AI | Text orchestration started
2026-05-29 02:51:05,320 | INFO | AI | Text processing completed successfully
2026-05-29 02:51:05,326 | INFO | AI | Multimodal orchestration completed
2026-05-29 02:51:39,246 | INFO | AI | Multimodal orchestration started
2026-05-29 02:51:39,280 | INFO | AI | Text orchestration started
2026-05-29 02:51:39,829 | INFO | AI | Text processing completed successfully
2026-05-29 02:51:39,836 | INFO | AI | Multimodal orchestration completed
2026-05-29 02:55:17,881 | INFO | AI | Automatic cleanup completed
2026-05-29 03:00:17,881 | INFO | AI | Automatic cleanup completed
2026-05-29 03:05:17,881 | INFO | AI | Automatic cleanup completed
2026-05-29 03:10:17,881 | INFO | AI | Automatic cleanup completed
2026-05-29 03:15:17,881 | INFO | AI | Automatic cleanup completed
2026-05-30 00:20:17,881 | INFO | AI | Automatic cleanup completed
2026-05-30 00:25:17,881 | INFO | AI | Automatic cleanup completed
2026-05-30 00:30:17,882 | INFO | AI | Automatic cleanup completed
2026-05-30 00:35:17,882 | INFO | AI | Automatic cleanup completed
2026-05-30 00:40:17,883 | INFO | AI | Automatic cleanup completed
2026-05-30 00:45:17,881 | INFO | AI | Automatic cleanup completed
2026-06-01 15:54:09,709 | INFO | AI | APScheduler started successfully
2026-06-01 15:59:09,711 | INFO | AI | Deleted old temp file: /home/hassan/Desktop/remind/backend_final/temp_uploads/Sample.mp3
2026-06-01 15:59:09,712 | INFO | AI | Deleted old temp file: /home/hassan/Desktop/remind/backend_final/temp_audio_uploads/Sample.mp3
2026-06-01 15:59:09,713 | INFO | AI | Automatic cleanup completed
2026-06-01 16:04:09,709 | INFO | AI | Automatic cleanup completed
2026-06-01 16:08:32,435 | INFO | AI | APScheduler started successfully
2026-06-01 16:08:54,625 | INFO | AI | Deleted file: temp_uploads/c6c6dbe9-48c4-4bf2-8f3c-13a5c82a22c2.jpg
2026-06-01 16:08:54,625 | INFO | AI | Deleted file: /home/hassan/Desktop/remind/image_ai/temp/4893e6b2-08e6-4423-ab33-6d51a273e98d/final/c6c6dbe9-48c4-4bf2-8f3c-13a5c82a22c2_out.jpg
2026-06-01 16:08:54,625 | INFO | AI | Deleted directory: /home/hassan/Desktop/remind/image_ai/temp/4893e6b2-08e6-4423-ab33-6d51a273e98d/final
2026-06-01 16:10:45,594 | INFO | AI | Multimodal orchestration started
2026-06-01 16:10:45,606 | INFO | AI | Image orchestration started
2026-06-01 16:11:14,964 | INFO | AI | Deleted file: /home/hassan/Desktop/remind/backend_final/temp_uploads/35c4bbcd-6bce-41f7-bcab-38654b010a5c.jpg
2026-06-01 16:11:14,965 | INFO | AI | Deleted directory: /home/hassan/Desktop/remind/backend_final/temp_uploads
2026-06-01 16:11:14,965 | INFO | AI | Image orchestration completed successfully
2026-06-01 16:11:14,965 | INFO | AI | Text orchestration started
2026-06-01 16:11:16,482 | INFO | AI | Text processing completed successfully
2026-06-01 16:11:16,489 | INFO | AI | Multimodal orchestration completed
2026-06-01 16:13:32,435 | INFO | AI | Automatic cleanup completed
2026-06-01 16:17:59,895 | INFO | AI | Multimodal orchestration started
2026-06-01 16:17:59,903 | INFO | AI | Text orchestration started
2026-06-01 16:18:00,920 | INFO | AI | Text processing completed successfully
2026-06-01 16:18:00,926 | INFO | AI | Multimodal orchestration completed
2026-06-01 16:18:32,435 | INFO | AI | Automatic cleanup completed
2026-06-01 16:19:15,842 | INFO | AI | Multimodal orchestration started
2026-06-01 16:19:15,852 | INFO | AI | Image orchestration started
2026-06-01 16:19:15,853 | INFO | AI | Image cache hit
2026-06-01 16:19:15,853 | INFO | AI | Text orchestration started
2026-06-01 16:19:17,441 | INFO | AI | Text processing completed successfully
2026-06-01 16:19:17,448 | INFO | AI | Multimodal orchestration completed
2026-06-01 16:19:41,100 | INFO | AI | Multimodal orchestration started
2026-06-01 16:19:41,111 | INFO | AI | Image orchestration started
2026-06-01 16:19:41,112 | INFO | AI | Image cache hit
2026-06-01 16:19:41,112 | INFO | AI | Text orchestration started
2026-06-01 16:19:42,641 | INFO | AI | Text processing completed successfully
2026-06-01 16:19:42,648 | INFO | AI | Multimodal orchestration completed
2026-06-01 16:19:54,696 | INFO | AI | Deleted file: temp_uploads/122e0697-512c-4c58-b4ba-4134f1d422cf.jpg
2026-06-01 16:19:54,697 | INFO | AI | Deleted file: /home/hassan/Desktop/remind/image_ai/cache/200b75899164b3aa627e1073aa5b8a84febd232617e42c1c355c174f33071fa1/enhanced_image.png
2026-06-01 16:19:54,697 | INFO | AI | Deleted directory: /home/hassan/Desktop/remind/image_ai/cache/200b75899164b3aa627e1073aa5b8a84febd232617e42c1c355c174f33071fa1
2026-06-01 16:23:32,435 | INFO | AI | Automatic cleanup completed
2026-06-01 16:23:50,872 | INFO | AI | Multimodal orchestration started
2026-06-01 16:23:50,905 | INFO | AI | Image orchestration started
2026-06-01 16:23:50,906 | INFO | AI | Image cache hit
2026-06-01 16:23:50,906 | INFO | AI | Text orchestration started
2026-06-01 16:23:52,798 | INFO | AI | Text processing completed successfully
2026-06-01 16:23:52,808 | INFO | AI | Multimodal orchestration completed
2026-06-01 16:28:32,435 | INFO | AI | Automatic cleanup completed
2026-06-01 16:33:00,717 | INFO | AI | APScheduler started successfully
2026-06-01 16:37:21,749 | INFO | AI | Multimodal orchestration started
2026-06-01 16:38:00,717 | INFO | AI | Automatic cleanup completed
2026-06-01 16:38:19,771 | INFO | AI | Multimodal orchestration started
2026-06-01 16:38:38,217 | INFO | AI | Multimodal orchestration started
2026-06-01 16:38:38,229 | INFO | AI | Text orchestration started
2026-06-01 16:38:39,392 | INFO | AI | Text processing completed successfully
2026-06-01 16:38:39,399 | INFO | AI | Multimodal orchestration completed
2026-06-01 16:38:55,837 | INFO | AI | Multimodal orchestration started
2026-06-01 16:38:55,869 | INFO | AI | Image orchestration started
2026-06-01 16:38:55,870 | INFO | AI | Image cache hit
2026-06-01 16:38:55,870 | INFO | AI | Text orchestration started
2026-06-01 16:38:57,618 | INFO | AI | Text processing completed successfully
2026-06-01 16:38:57,625 | INFO | AI | Multimodal orchestration completed
2026-06-01 16:39:14,549 | INFO | AI | Deleted file: temp_uploads/8e5daf96-8fd7-4f81-bc3c-feac3d28c0c2.jpg
2026-06-01 16:39:14,549 | INFO | AI | Deleted file: /home/hassan/Desktop/remind/image_ai/temp/a96340c5-92f5-4640-a35f-f138256460a2/final/8e5daf96-8fd7-4f81-bc3c-feac3d28c0c2_out.jpg
2026-06-01 16:39:14,550 | INFO | AI | Deleted directory: /home/hassan/Desktop/remind/image_ai/temp/a96340c5-92f5-4640-a35f-f138256460a2/final
2026-06-01 16:40:18,745 | INFO | AI | Multimodal orchestration started
2026-06-01 16:40:18,760 | INFO | AI | Image orchestration started
2026-06-01 16:40:18,760 | INFO | AI | Image cache hit
2026-06-01 16:40:18,760 | INFO | AI | Text orchestration started
2026-06-01 16:40:20,655 | INFO | AI | Text processing completed successfully
2026-06-01 16:40:20,664 | INFO | AI | Multimodal orchestration completed
2026-06-01 16:40:25,343 | INFO | AI | Deleted file: temp_uploads/672fb02b-edc0-49be-a485-3c3ac26a80c4.jpg
2026-06-01 16:40:25,344 | INFO | AI | Deleted file: /home/hassan/Desktop/remind/image_ai/cache/200b75899164b3aa627e1073aa5b8a84febd232617e42c1c355c174f33071fa1/enhanced_image.png
2026-06-01 16:40:25,344 | INFO | AI | Deleted directory: /home/hassan/Desktop/remind/image_ai/cache/200b75899164b3aa627e1073aa5b8a84febd232617e42c1c355c174f33071fa1
2026-06-01 16:43:00,718 | INFO | AI | Automatic cleanup completed
2026-06-01 16:48:00,717 | INFO | AI | Automatic cleanup completed
2026-06-01 16:53:00,717 | INFO | AI | Automatic cleanup completed
2026-06-01 16:58:00,717 | INFO | AI | Automatic cleanup completed
2026-06-01 17:03:00,717 | INFO | AI | Automatic cleanup completed
2026-06-01 17:08:00,717 | INFO | AI | Automatic cleanup completed
2026-06-01 17:13:00,717 | INFO | AI | Automatic cleanup completed
2026-06-01 17:18:00,717 | INFO | AI | Automatic cleanup completed
2026-06-01 17:19:29,900 | INFO | AI | Multimodal orchestration started
2026-06-01 17:19:29,908 | INFO | AI | Text orchestration started
2026-06-01 17:19:30,745 | INFO | AI | Text processing completed successfully
2026-06-01 17:19:30,752 | INFO | AI | Multimodal orchestration completed
2026-06-01 17:19:42,788 | INFO | AI | Multimodal orchestration started
2026-06-01 17:19:42,797 | INFO | AI | Image orchestration started
2026-06-01 17:20:13,035 | INFO | AI | Deleted file: /home/hassan/Desktop/remind/backend_final/temp_uploads/2462c7d1-3ff7-4c6c-898c-41d6e402a2f5.jpg
2026-06-01 17:20:13,036 | INFO | AI | Deleted directory: /home/hassan/Desktop/remind/backend_final/temp_uploads
2026-06-01 17:20:13,036 | INFO | AI | Image orchestration completed successfully
2026-06-01 17:20:13,036 | INFO | AI | Text orchestration started
2026-06-01 17:20:14,568 | INFO | AI | Text processing completed successfully
2026-06-01 17:20:14,576 | INFO | AI | Multimodal orchestration completed
2026-06-01 17:20:32,059 | INFO | AI | Deleted file: temp_uploads/38a5c803-949c-41fd-9ff1-0acb9c2cc0d4.jpg
2026-06-01 17:20:32,059 | INFO | AI | Deleted file: /home/hassan/Desktop/remind/image_ai/temp/8b6b2c83-5b96-4488-a571-7f94028dc7d0/final/38a5c803-949c-41fd-9ff1-0acb9c2cc0d4_out.jpg
2026-06-01 17:20:32,059 | INFO | AI | Deleted directory: /home/hassan/Desktop/remind/image_ai/temp/8b6b2c83-5b96-4488-a571-7f94028dc7d0/final
2026-06-01 17:21:16,280 | INFO | AI | Multimodal orchestration started
2026-06-01 17:21:16,287 | INFO | AI | Image orchestration started
2026-06-01 17:21:16,288 | INFO | AI | Image cache hit
2026-06-01 17:21:16,288 | INFO | AI | Text orchestration started
2026-06-01 17:21:18,583 | INFO | AI | Text processing completed successfully
2026-06-01 17:21:18,592 | INFO | AI | Multimodal orchestration completed
2026-06-01 17:21:24,895 | INFO | AI | Deleted file: temp_uploads/6243fa9b-5b37-49b1-994c-b0bd7a6bfbbb.jpg
2026-06-01 17:21:24,896 | INFO | AI | Deleted file: /home/hassan/Desktop/remind/image_ai/cache/200b75899164b3aa627e1073aa5b8a84febd232617e42c1c355c174f33071fa1/enhanced_image.png
2026-06-01 17:21:24,896 | INFO | AI | Deleted directory: /home/hassan/Desktop/remind/image_ai/cache/200b75899164b3aa627e1073aa5b8a84febd232617e42c1c355c174f33071fa1
2026-06-01 17:21:50,725 | INFO | AI | Multimodal orchestration started
2026-06-01 17:21:50,735 | INFO | AI | Voice orchestration started
2026-06-01 17:23:00,718 | INFO | AI | Automatic cleanup completed
2026-06-01 17:23:06,192 | INFO | AI | Deleted file: /home/hassan/Desktop/remind/backend_final/temp_uploads/530952f8-18c3-4e6e-bf15-6b9af58da76b.mp3
2026-06-01 17:23:06,193 | INFO | AI | Deleted file: /home/hassan/Desktop/remind/backend_final/temp_uploads/processed_audio/Output.wav
2026-06-01 17:23:06,193 | INFO | AI | Deleted file: /tmp/6af76c73-3469-4b0c-bce4-e9d8ce14544b.mp3
2026-06-01 17:23:06,194 | INFO | AI | Deleted directory: /home/hassan/Desktop/remind/backend_final/temp_uploads/processed_audio
2026-06-01 17:23:06,194 | INFO | AI | Voice processing completed successfully
2026-06-01 17:23:06,194 | INFO | AI | Text orchestration started
2026-06-01 17:23:08,673 | INFO | AI | Text processing completed successfully
2026-06-01 17:23:08,695 | INFO | AI | Multimodal orchestration completed
2026-06-01 17:28:00,718 | INFO | AI | Automatic cleanup completed
2026-06-01 17:33:00,717 | INFO | AI | Automatic cleanup completed
2026-06-01 17:38:00,717 | INFO | AI | Automatic cleanup completed
2026-06-01 17:43:00,717 | INFO | AI | Automatic cleanup completed
2026-06-01 17:48:00,718 | INFO | AI | Automatic cleanup completed
2026-06-01 17:53:00,718 | INFO | AI | Automatic cleanup completed
2026-06-01 17:58:00,717 | INFO | AI | Automatic cleanup completed
2026-06-01 18:03:00,719 | INFO | AI | Automatic cleanup completed
2026-06-01 18:08:00,719 | INFO | AI | Automatic cleanup completed
2026-06-01 18:12:05,714 | INFO | AI | APScheduler started successfully
2026-06-01 18:15:20,072 | INFO | AI | APScheduler started successfully
2026-06-01 18:18:16,942 | INFO | AI | APScheduler started successfully
2026-06-01 18:19:56,053 | INFO | AI | APScheduler started successfully
2026-06-01 18:21:51,696 | INFO | AI | APScheduler started successfully
2026-06-01 18:22:06,059 | INFO | AI | APScheduler started successfully
2026-06-01 18:27:06,061 | INFO | AI | Deleted old temp file: /home/hassan/Desktop/remind/backend_final/temp_uploads/8369c83a-56c1-4213-bd9c-84dd31ab84cf.jpg
2026-06-01 18:27:06,062 | INFO | AI | Automatic cleanup completed
2026-06-01 18:30:32,978 | INFO | AI | APScheduler started successfully
2026-06-01 21:44:45,231 | INFO | AI | APScheduler started successfully
2026-06-01 21:49:45,233 | INFO | AI | Automatic cleanup completed
2026-06-01 21:54:45,231 | INFO | AI | Automatic cleanup completed
2026-06-01 21:59:45,232 | INFO | AI | Automatic cleanup completed
2026-06-01 22:04:45,232 | INFO | AI | Automatic cleanup completed
2026-06-01 22:09:45,232 | INFO | AI | Automatic cleanup completed
2026-06-01 22:14:45,232 | INFO | AI | Automatic cleanup completed
